Determining if the pthread_create exist failed with the following output:
Change Dir: /home/lionky/Desktop/CV_Practice/RT3dPointsReprojection/build/CMakeFiles/CMakeTmp

Run Build Command:"/usr/bin/make" "cmTC_45674/fast"
/usr/bin/make -f CMakeFiles/cmTC_45674.dir/build.make CMakeFiles/cmTC_45674.dir/build
make[1]: Entering directory '/home/lionky/Desktop/CV_Practice/RT3dPointsReprojection/build/CMakeFiles/CMakeTmp'
Building C object CMakeFiles/cmTC_45674.dir/CheckSymbolExists.c.o
/usr/bin/cc   -fPIC    -o CMakeFiles/cmTC_45674.dir/CheckSymbolExists.c.o   -c /home/lionky/Desktop/CV_Practice/RT3dPointsReprojection/build/CMakeFiles/CMakeTmp/CheckSymbolExists.c
Linking C executable cmTC_45674
/usr/bin/cmake -E cmake_link_script CMakeFiles/cmTC_45674.dir/link.txt --verbose=1
/usr/bin/cc -fPIC     -rdynamic CMakeFiles/cmTC_45674.dir/CheckSymbolExists.c.o  -o cmTC_45674 
CMakeFiles/cmTC_45674.dir/CheckSymbolExists.c.o: In function `main':
CheckSymbolExists.c:(.text+0x1b): undefined reference to `pthread_create'
collect2: error: ld returned 1 exit status
CMakeFiles/cmTC_45674.dir/build.make:97: recipe for target 'cmTC_45674' failed
make[1]: *** [cmTC_45674] Error 1
make[1]: Leaving directory '/home/lionky/Desktop/CV_Practice/RT3dPointsReprojection/build/CMakeFiles/CMakeTmp'
Makefile:126: recipe for target 'cmTC_45674/fast' failed
make: *** [cmTC_45674/fast] Error 2

File /home/lionky/Desktop/CV_Practice/RT3dPointsReprojection/build/CMakeFiles/CMakeTmp/CheckSymbolExists.c:
/* */
#include <pthread.h>

int main(int argc, char** argv)
{
  (void)argv;
#ifndef pthread_create
  return ((int*)(&pthread_create))[argc];
#else
  (void)argc;
  return 0;
#endif
}

Determining if the function pthread_create exists in the pthreads failed with the following output:
Change Dir: /home/lionky/Desktop/CV_Practice/RT3dPointsReprojection/build/CMakeFiles/CMakeTmp

Run Build Command:"/usr/bin/make" "cmTC_d9ab0/fast"
/usr/bin/make -f CMakeFiles/cmTC_d9ab0.dir/build.make CMakeFiles/cmTC_d9ab0.dir/build
make[1]: Entering directory '/home/lionky/Desktop/CV_Practice/RT3dPointsReprojection/build/CMakeFiles/CMakeTmp'
Building C object CMakeFiles/cmTC_d9ab0.dir/CheckFunctionExists.c.o
/usr/bin/cc   -fPIC -DCHECK_FUNCTION_EXISTS=pthread_create   -o CMakeFiles/cmTC_d9ab0.dir/CheckFunctionExists.c.o   -c /usr/share/cmake-3.10/Modules/CheckFunctionExists.c
Linking C executable cmTC_d9ab0
/usr/bin/cmake -E cmake_link_script CMakeFiles/cmTC_d9ab0.dir/link.txt --verbose=1
/usr/bin/cc -fPIC -DCHECK_FUNCTION_EXISTS=pthread_create    -rdynamic CMakeFiles/cmTC_d9ab0.dir/CheckFunctionExists.c.o  -o cmTC_d9ab0 -lpthreads 
/usr/bin/ld: cannot find -lpthreads
collect2: error: ld returned 1 exit status
CMakeFiles/cmTC_d9ab0.dir/build.make:97: recipe for target 'cmTC_d9ab0' failed
make[1]: *** [cmTC_d9ab0] Error 1
make[1]: Leaving directory '/home/lionky/Desktop/CV_Practice/RT3dPointsReprojection/build/CMakeFiles/CMakeTmp'
Makefile:126: recipe for target 'cmTC_d9ab0/fast' failed
make: *** [cmTC_d9ab0/fast] Error 2


